{"timestamp":"2025-06-12T00:11:28.973Z","level":"INFO","category":"SYSTEM","message":"Server starting up","event":"server_startup","nodeVersion":"v22.15.0","environment":"development","port":3000,"pid":455588}
{"timestamp":"2025-06-12T00:11:52.479Z","level":"INFO","category":"SYSTEM","message":"Server starting up","event":"server_startup","nodeVersion":"v22.15.0","environment":"development","port":3000,"pid":455666}
{"timestamp":"2025-06-12T01:47:58.638Z","level":"INFO","category":"SYSTEM","message":"Server starting up","event":"server_startup","nodeVersion":"v22.15.0","environment":"development","port":3000,"pid":461110}
{"timestamp":"2025-06-12T01:48:16.728Z","level":"WARN","category":"SYSTEM","message":"High resource usage detected","requestId":"req_1749692896308_set9vxoci","method":"POST","url":"/login/student","memoryDelta":{"rss":"2MB","heapUsed":"1MB"},"cpuUsage":{"user":"354ms","system":"2ms"},"environment":"development","nodeVersion":"v22.15.0","pid":461110}
{"timestamp":"2025-06-12T01:49:39.741Z","level":"WARN","category":"SYSTEM","message":"High resource usage detected","requestId":"req_1749692979355_ynkqkwm6f","method":"POST","url":"/register/student","memoryDelta":{"rss":"0MB","heapUsed":"0MB"},"cpuUsage":{"user":"330ms","system":"3ms"},"environment":"development","nodeVersion":"v22.15.0","pid":461110}
{"timestamp":"2025-06-12T01:51:46.945Z","level":"INFO","category":"SYSTEM","message":"Server starting up","event":"server_startup","nodeVersion":"v22.15.0","environment":"development","port":3000,"pid":461216}
{"timestamp":"2025-06-12T01:58:58.733Z","level":"INFO","category":"SYSTEM","message":"Server starting up","event":"server_startup","nodeVersion":"v22.15.0","environment":"development","port":3000,"pid":462586}
{"timestamp":"2025-06-12T01:59:17.814Z","level":"WARN","category":"SYSTEM","message":"High resource usage detected","requestId":"req_1749693557153_cpctbz6pi","method":"POST","url":"/login/student","memoryDelta":{"rss":"1MB","heapUsed":"0MB"},"cpuUsage":{"user":"378ms","system":"1ms"},"environment":"development","nodeVersion":"v22.15.0","pid":462586}
{"timestamp":"2025-06-12T02:00:35.385Z","level":"WARN","category":"SYSTEM","message":"High resource usage detected","requestId":"req_1749693634999_lqk8m2yy5","method":"POST","url":"/register/student","memoryDelta":{"rss":"0MB","heapUsed":"0MB"},"cpuUsage":{"user":"320ms","system":"4ms"},"environment":"development","nodeVersion":"v22.15.0","pid":462586}
{"timestamp":"2025-06-12T02:00:50.715Z","level":"WARN","category":"SYSTEM","message":"High resource usage detected","requestId":"req_1749693649147_lg2z4leg3","method":"POST","url":"/login/student","memoryDelta":{"rss":"0MB","heapUsed":"0MB"},"cpuUsage":{"user":"308ms","system":"3ms"},"environment":"development","nodeVersion":"v22.15.0","pid":462586}
{"timestamp":"2025-06-12T02:04:34.966Z","level":"INFO","category":"SYSTEM","message":"Server starting up","event":"server_startup","nodeVersion":"v22.15.0","environment":"development","port":3000,"pid":462748}
{"timestamp":"2025-06-12T02:14:07.735Z","level":"INFO","category":"SYSTEM","message":"Server starting up","event":"server_startup","nodeVersion":"v22.15.0","environment":"development","port":3000,"pid":463099}
{"timestamp":"2025-06-12T02:15:37.257Z","level":"WARN","category":"SYSTEM","message":"High resource usage detected","requestId":"req_1749694536837_ozrbzvpmh","method":"POST","url":"/login/student","memoryDelta":{"rss":"1MB","heapUsed":"0MB"},"cpuUsage":{"user":"364ms","system":"5ms"},"environment":"development","nodeVersion":"v22.15.0","pid":463099}
{"timestamp":"2025-06-12T02:21:59.591Z","level":"INFO","category":"SYSTEM","message":"Server starting up","event":"server_startup","nodeVersion":"v22.15.0","environment":"development","port":3000,"pid":463274}
{"timestamp":"2025-06-12T02:25:51.899Z","level":"INFO","category":"SYSTEM","message":"Server starting up","event":"server_startup","nodeVersion":"v22.15.0","environment":"development","port":3000,"pid":463395}
{"timestamp":"2025-06-12T02:26:25.662Z","level":"WARN","category":"SYSTEM","message":"High resource usage detected","requestId":"req_1749695185276_f0xbld523","method":"POST","url":"/login/client","memoryDelta":{"rss":"2MB","heapUsed":"1MB"},"cpuUsage":{"user":"335ms","system":"2ms"},"environment":"development","nodeVersion":"v22.15.0","pid":463395}
{"timestamp":"2025-06-12T02:50:45.680Z","level":"INFO","category":"SYSTEM","message":"Server starting up","event":"server_startup","nodeVersion":"v22.15.0","environment":"development","port":3000,"pid":463860}
{"timestamp":"2025-06-12T02:51:07.776Z","level":"WARN","category":"SYSTEM","message":"High resource usage detected","requestId":"req_1749696667399_mmhqnpqyj","method":"POST","url":"/login/client","memoryDelta":{"rss":"2MB","heapUsed":"1MB"},"cpuUsage":{"user":"328ms","system":"5ms"},"environment":"development","nodeVersion":"v22.15.0","pid":463860}
{"timestamp":"2025-06-12T02:52:44.334Z","level":"INFO","category":"SYSTEM","message":"Server starting up","event":"server_startup","nodeVersion":"v22.15.0","environment":"development","port":3000,"pid":463965}
{"timestamp":"2025-06-12T02:54:46.338Z","level":"INFO","category":"SYSTEM","message":"Server starting up","event":"server_startup","nodeVersion":"v22.15.0","environment":"development","port":3000,"pid":464032}
{"timestamp":"2025-06-12T02:55:42.521Z","level":"WARN","category":"SYSTEM","message":"High resource usage detected","requestId":"req_1749696942138_kyahwf8d0","method":"POST","url":"/login/client","memoryDelta":{"rss":"1MB","heapUsed":"0MB"},"cpuUsage":{"user":"325ms","system":"6ms"},"environment":"development","nodeVersion":"v22.15.0","pid":464032}
{"timestamp":"2025-06-12T02:56:06.014Z","level":"WARN","category":"SYSTEM","message":"High resource usage detected","requestId":"req_1749696965647_t1e090lxi","method":"POST","url":"/login/client","memoryDelta":{"rss":"0MB","heapUsed":"0MB"},"cpuUsage":{"user":"292ms","system":"3ms"},"environment":"development","nodeVersion":"v22.15.0","pid":464032}
{"timestamp":"2025-06-12T03:24:57.396Z","level":"INFO","category":"SYSTEM","message":"Server starting up","event":"server_startup","nodeVersion":"v22.15.0","environment":"development","port":3000,"pid":468772}
{"timestamp":"2025-06-12T03:25:25.122Z","level":"WARN","category":"SYSTEM","message":"High resource usage detected","requestId":"req_1749698724687_50plud9b2","method":"POST","url":"/login/student","memoryDelta":{"rss":"0MB","heapUsed":"0MB"},"cpuUsage":{"user":"358ms","system":"9ms"},"environment":"development","nodeVersion":"v22.15.0","pid":468772}
{"timestamp":"2025-06-12T03:30:45.721Z","level":"INFO","category":"SYSTEM","message":"Server starting up","event":"server_startup","nodeVersion":"v22.15.0","environment":"development","port":3000,"pid":469022}
{"timestamp":"2025-06-12T03:48:52.377Z","level":"INFO","category":"SYSTEM","message":"Server starting up","event":"server_startup","nodeVersion":"v22.15.0","environment":"development","port":3000,"pid":469692}
{"timestamp":"2025-06-12T04:53:05.331Z","level":"INFO","category":"SYSTEM","message":"Server starting up","event":"server_startup","nodeVersion":"v22.15.0","environment":"development","port":3000,"pid":472755}
{"timestamp":"2025-06-12T05:04:15.393Z","level":"INFO","category":"SYSTEM","message":"Server starting up","event":"server_startup","nodeVersion":"v22.15.0","environment":"development","port":3000,"pid":473421}
{"timestamp":"2025-06-12T05:08:30.073Z","level":"INFO","category":"SYSTEM","message":"Server starting up","event":"server_startup","nodeVersion":"v22.15.0","environment":"development","port":3000,"pid":474400}
{"timestamp":"2025-06-12T05:42:06.393Z","level":"INFO","category":"SYSTEM","message":"Server starting up","event":"server_startup","nodeVersion":"v22.15.0","environment":"development","port":3000,"pid":480769}
{"timestamp":"2025-06-12T05:42:43.089Z","level":"INFO","category":"SYSTEM","message":"Server starting up","event":"server_startup","nodeVersion":"v22.15.0","environment":"development","port":3000,"pid":480845}
{"timestamp":"2025-06-12T05:44:16.732Z","level":"INFO","category":"SYSTEM","message":"Server starting up","event":"server_startup","nodeVersion":"v22.15.0","environment":"development","port":1077,"pid":481024}
{"timestamp":"2025-06-12T05:45:24.011Z","level":"INFO","category":"SYSTEM","message":"Server starting up","event":"server_startup","nodeVersion":"v22.15.0","environment":"development","port":1077,"pid":481482}
{"timestamp":"2025-06-12T05:46:34.361Z","level":"WARN","category":"SYSTEM","message":"High resource usage detected","requestId":"req_1749707193985_qh91blzru","method":"POST","url":"/login/student","memoryDelta":{"rss":"1MB","heapUsed":"0MB"},"cpuUsage":{"user":"300ms","system":"6ms"},"environment":"development","nodeVersion":"v22.15.0","pid":481482}
{"timestamp":"2025-06-12T06:37:34.348Z","level":"INFO","category":"SYSTEM","message":"Server starting up","event":"server_startup","nodeVersion":"v22.15.0","environment":"development","port":1077,"pid":489937}
{"timestamp":"2025-06-12T06:38:29.201Z","level":"WARN","category":"SYSTEM","message":"High resource usage detected","requestId":"req_1749710308831_i6yldvmvj","method":"POST","url":"/login/admin","memoryDelta":{"rss":"1MB","heapUsed":"1MB"},"cpuUsage":{"user":"301ms","system":"7ms"},"environment":"development","nodeVersion":"v22.15.0","pid":489937}
{"timestamp":"2025-06-12T06:39:49.652Z","level":"WARN","category":"SYSTEM","message":"High resource usage detected","requestId":"req_1749710389295_st9u921qc","method":"POST","url":"/login/admin","memoryDelta":{"rss":"0MB","heapUsed":"0MB"},"cpuUsage":{"user":"302ms","system":"2ms"},"environment":"development","nodeVersion":"v22.15.0","pid":489937}
{"timestamp":"2025-06-12T06:58:29.752Z","level":"INFO","category":"SYSTEM","message":"Server starting up","event":"server_startup","nodeVersion":"v22.15.0","environment":"development","port":1077,"pid":492454}
{"timestamp":"2025-06-12T06:58:48.538Z","level":"WARN","category":"SYSTEM","message":"High resource usage detected","requestId":"req_1749711528086_nf7j1re7p","method":"POST","url":"/login/admin","memoryDelta":{"rss":"1MB","heapUsed":"0MB"},"cpuUsage":{"user":"349ms","system":"3ms"},"environment":"development","nodeVersion":"v22.15.0","pid":492454}
{"timestamp":"2025-06-12T07:00:08.328Z","level":"INFO","category":"SYSTEM","message":"Server starting up","event":"server_startup","nodeVersion":"v22.15.0","environment":"development","port":1077,"pid":492817}
{"timestamp":"2025-06-12T07:00:25.643Z","level":"WARN","category":"SYSTEM","message":"High resource usage detected","requestId":"req_1749711625252_yckut366m","method":"POST","url":"/login/admin","memoryDelta":{"rss":"1MB","heapUsed":"1MB"},"cpuUsage":{"user":"336ms","system":"1ms"},"environment":"development","nodeVersion":"v22.15.0","pid":492817}
{"timestamp":"2025-06-12T07:05:21.361Z","level":"INFO","category":"SYSTEM","message":"Server starting up","event":"server_startup","nodeVersion":"v22.15.0","environment":"development","port":1077,"pid":492969}
{"timestamp":"2025-06-12T07:05:38.518Z","level":"WARN","category":"SYSTEM","message":"High resource usage detected","requestId":"req_1749711938029_8427m974g","method":"POST","url":"/login/admin","memoryDelta":{"rss":"1MB","heapUsed":"0MB"},"cpuUsage":{"user":"328ms","system":"2ms"},"environment":"development","nodeVersion":"v22.15.0","pid":492969}
{"timestamp":"2025-06-12T07:05:57.441Z","level":"INFO","category":"SYSTEM","message":"Server starting up","event":"server_startup","nodeVersion":"v22.15.0","environment":"development","port":1077,"pid":493094}
{"timestamp":"2025-06-12T07:06:14.442Z","level":"WARN","category":"SYSTEM","message":"High resource usage detected","requestId":"req_1749711974050_p28an7ue1","method":"POST","url":"/login/admin","memoryDelta":{"rss":"1MB","heapUsed":"1MB"},"cpuUsage":{"user":"337ms","system":"3ms"},"environment":"development","nodeVersion":"v22.15.0","pid":493094}
{"timestamp":"2025-06-12T07:10:08.810Z","level":"INFO","category":"SYSTEM","message":"Server starting up","event":"server_startup","nodeVersion":"v22.15.0","environment":"development","port":1077,"pid":493608}
{"timestamp":"2025-06-12T07:10:25.446Z","level":"WARN","category":"SYSTEM","message":"High resource usage detected","requestId":"req_1749712225000_jxamz8vnf","method":"POST","url":"/login/admin","memoryDelta":{"rss":"1MB","heapUsed":"1MB"},"cpuUsage":{"user":"365ms","system":"5ms"},"environment":"development","nodeVersion":"v22.15.0","pid":493608}
{"timestamp":"2025-06-12T07:11:30.125Z","level":"INFO","category":"SYSTEM","message":"Server starting up","event":"server_startup","nodeVersion":"v22.15.0","environment":"development","port":1077,"pid":493774}
{"timestamp":"2025-06-12T07:11:45.193Z","level":"WARN","category":"SYSTEM","message":"High resource usage detected","requestId":"req_1749712304836_u9hn0ldyw","method":"POST","url":"/login/admin","memoryDelta":{"rss":"1MB","heapUsed":"1MB"},"cpuUsage":{"user":"301ms","system":"4ms"},"environment":"development","nodeVersion":"v22.15.0","pid":493774}
{"timestamp":"2025-06-12T07:19:24.734Z","level":"INFO","category":"SYSTEM","message":"Server starting up","event":"server_startup","nodeVersion":"v22.15.0","environment":"development","port":1077,"pid":494692}
{"timestamp":"2025-06-12T07:19:42.615Z","level":"WARN","category":"SYSTEM","message":"High resource usage detected","requestId":"req_1749712779052_7jinrixhh","method":"POST","url":"/login/admin","memoryDelta":{"rss":"1MB","heapUsed":"0MB"},"cpuUsage":{"user":"343ms","system":"6ms"},"environment":"development","nodeVersion":"v22.15.0","pid":494692}
{"timestamp":"2025-06-12T07:20:22.007Z","level":"WARN","category":"SYSTEM","message":"High resource usage detected","requestId":"req_1749712821640_tm7hryogo","method":"POST","url":"/login/admin","memoryDelta":{"rss":"0MB","heapUsed":"0MB"},"cpuUsage":{"user":"313ms","system":"2ms"},"environment":"development","nodeVersion":"v22.15.0","pid":494692}
{"timestamp":"2025-06-12T07:25:30.563Z","level":"WARN","category":"SYSTEM","message":"High resource usage detected","requestId":"req_1749713130187_s2zgc3u3c","method":"POST","url":"/login/admin","memoryDelta":{"rss":"0MB","heapUsed":"0MB"},"cpuUsage":{"user":"324ms","system":"1ms"},"environment":"development","nodeVersion":"v22.15.0","pid":494692}
{"timestamp":"2025-06-12T07:31:06.679Z","level":"WARN","category":"SYSTEM","message":"High resource usage detected","requestId":"req_1749713466332_y0xjl5uzd","method":"POST","url":"/login/admin","memoryDelta":{"rss":"0MB","heapUsed":"0MB"},"cpuUsage":{"user":"292ms","system":"1ms"},"environment":"development","nodeVersion":"v22.15.0","pid":494692}
{"timestamp":"2025-06-12T07:31:30.022Z","level":"WARN","category":"SYSTEM","message":"High resource usage detected","requestId":"req_1749713489650_q5xti1eg4","method":"POST","url":"/login/admin","memoryDelta":{"rss":"0MB","heapUsed":"0MB"},"cpuUsage":{"user":"320ms","system":"1ms"},"environment":"development","nodeVersion":"v22.15.0","pid":494692}
{"timestamp":"2025-06-12T07:35:25.693Z","level":"WARN","category":"SYSTEM","message":"High resource usage detected","requestId":"req_1749713724899_cmz5332n2","method":"POST","url":"/login/admin","memoryDelta":{"rss":"0MB","heapUsed":"0MB"},"cpuUsage":{"user":"335ms","system":"2ms"},"environment":"development","nodeVersion":"v22.15.0","pid":494692}
{"timestamp":"2025-06-12T07:36:01.916Z","level":"INFO","category":"SYSTEM","message":"Server starting up","event":"server_startup","nodeVersion":"v22.15.0","environment":"development","port":1077,"pid":497684}
{"timestamp":"2025-06-12T07:36:16.954Z","level":"WARN","category":"SYSTEM","message":"High resource usage detected","requestId":"req_1749713775086_ct0t6vbf3","method":"POST","url":"/login/admin","memoryDelta":{"rss":"1MB","heapUsed":"1MB"},"cpuUsage":{"user":"395ms","system":"2ms"},"environment":"development","nodeVersion":"v22.15.0","pid":497684}
{"timestamp":"2025-06-12T07:36:39.207Z","level":"WARN","category":"SYSTEM","message":"High resource usage detected","requestId":"req_1749713798238_b0ow5h9uh","method":"POST","url":"/login/admin","memoryDelta":{"rss":"1MB","heapUsed":"0MB"},"cpuUsage":{"user":"346ms","system":"4ms"},"environment":"development","nodeVersion":"v22.15.0","pid":497684}
{"timestamp":"2025-06-12T07:37:28.947Z","level":"WARN","category":"SYSTEM","message":"High resource usage detected","requestId":"req_1749713848079_di8r6covc","method":"POST","url":"/login/admin","memoryDelta":{"rss":"0MB","heapUsed":"0MB"},"cpuUsage":{"user":"340ms","system":"0ms"},"environment":"development","nodeVersion":"v22.15.0","pid":497684}
{"timestamp":"2025-06-12T07:38:23.023Z","level":"WARN","category":"SYSTEM","message":"High resource usage detected","requestId":"req_1749713902207_6vwne6bvk","method":"POST","url":"/login/admin","memoryDelta":{"rss":"0MB","heapUsed":"0MB"},"cpuUsage":{"user":"331ms","system":"8ms"},"environment":"development","nodeVersion":"v22.15.0","pid":497684}
{"timestamp":"2025-06-12T07:50:37.010Z","level":"INFO","category":"SYSTEM","message":"Server starting up","event":"server_startup","nodeVersion":"v22.15.0","environment":"development","port":1077,"pid":503158}
{"timestamp":"2025-06-12T07:52:06.419Z","level":"WARN","category":"SYSTEM","message":"High resource usage detected","requestId":"req_1749714725988_9m7ddt6u2","method":"POST","url":"/login/admin","memoryDelta":{"rss":"1MB","heapUsed":"0MB"},"cpuUsage":{"user":"355ms","system":"5ms"},"environment":"development","nodeVersion":"v22.15.0","pid":503158}
{"timestamp":"2025-06-12T08:09:25.035Z","level":"INFO","category":"SYSTEM","message":"Server starting up","event":"server_startup","nodeVersion":"v22.15.0","environment":"development","port":1077,"pid":504103}
{"timestamp":"2025-06-12T08:09:35.762Z","level":"WARN","category":"SYSTEM","message":"High resource usage detected","requestId":"req_1749715775380_49xws22bw","method":"POST","url":"/login/admin","memoryDelta":{"rss":"1MB","heapUsed":"1MB"},"cpuUsage":{"user":"323ms","system":"5ms"},"environment":"development","nodeVersion":"v22.15.0","pid":504103}
{"timestamp":"2025-06-12T08:14:12.863Z","level":"INFO","category":"SYSTEM","message":"Server starting up","event":"server_startup","nodeVersion":"v22.15.0","environment":"development","port":1077,"pid":504900}
{"timestamp":"2025-06-12T08:14:35.449Z","level":"WARN","category":"SYSTEM","message":"High resource usage detected","requestId":"req_1749716074816_9zftj67sg","method":"POST","url":"/login/admin","memoryDelta":{"rss":"1MB","heapUsed":"1MB"},"cpuUsage":{"user":"386ms","system":"2ms"},"environment":"development","nodeVersion":"v22.15.0","pid":504900}
{"timestamp":"2025-06-12T08:24:08.493Z","level":"INFO","category":"SYSTEM","message":"Server starting up","event":"server_startup","nodeVersion":"v22.15.0","environment":"development","port":1077,"pid":505607}
{"timestamp":"2025-06-12T08:24:29.403Z","level":"WARN","category":"SYSTEM","message":"High resource usage detected","requestId":"req_1749716668987_bd1qjwisn","method":"POST","url":"/login/admin","memoryDelta":{"rss":"1MB","heapUsed":"0MB"},"cpuUsage":{"user":"345ms","system":"4ms"},"environment":"development","nodeVersion":"v22.15.0","pid":505607}
{"timestamp":"2025-06-12T08:27:38.215Z","level":"INFO","category":"SYSTEM","message":"Server starting up","event":"server_startup","nodeVersion":"v22.15.0","environment":"development","port":1077,"pid":505754}
{"timestamp":"2025-06-12T10:06:37.789Z","level":"WARN","category":"SYSTEM","message":"High resource usage detected","requestId":"req_1749722797287_bgl4tsd8f","method":"POST","url":"/login/admin","memoryDelta":{"rss":"5MB","heapUsed":"1MB"},"cpuUsage":{"user":"352ms","system":"8ms"},"environment":"development","nodeVersion":"v22.15.0","pid":505754}
{"timestamp":"2025-06-12T10:07:45.574Z","level":"INFO","category":"SYSTEM","message":"Server starting up","event":"server_startup","nodeVersion":"v22.15.0","environment":"development","port":1077,"pid":514074}
{"timestamp":"2025-06-12T10:07:57.708Z","level":"WARN","category":"SYSTEM","message":"High resource usage detected","requestId":"req_1749722877291_335forfse","method":"POST","url":"/login/admin","memoryDelta":{"rss":"1MB","heapUsed":"1MB"},"cpuUsage":{"user":"364ms","system":"2ms"},"environment":"development","nodeVersion":"v22.15.0","pid":514074}
{"timestamp":"2025-06-12T10:32:18.218Z","level":"INFO","category":"SYSTEM","message":"Server starting up","event":"server_startup","nodeVersion":"v22.15.0","environment":"development","port":1077,"pid":516779}
{"timestamp":"2025-06-12T10:58:33.909Z","level":"INFO","category":"SYSTEM","message":"Server starting up","event":"server_startup","nodeVersion":"v22.15.0","environment":"development","port":1077,"pid":521930}
{"timestamp":"2025-06-12T10:59:35.859Z","level":"WARN","category":"SYSTEM","message":"High resource usage detected","requestId":"req_1749725975439_vewcpsce0","method":"POST","url":"/login/admin","memoryDelta":{"rss":"0MB","heapUsed":"1MB"},"cpuUsage":{"user":"327ms","system":"4ms"},"environment":"development","nodeVersion":"v22.15.0","pid":521930}
{"timestamp":"2025-06-12T12:05:52.931Z","level":"INFO","category":"SYSTEM","message":"Server starting up","event":"server_startup","nodeVersion":"v22.15.0","environment":"development","port":1077,"pid":529006}
{"timestamp":"2025-06-12T12:06:43.769Z","level":"INFO","category":"SYSTEM","message":"Server starting up","event":"server_startup","nodeVersion":"v22.15.0","environment":"development","port":1077,"pid":529111}
{"timestamp":"2025-06-12T12:08:40.799Z","level":"INFO","category":"SYSTEM","message":"Server starting up","event":"server_startup","nodeVersion":"v22.15.0","environment":"development","port":1077,"pid":529165}
{"timestamp":"2025-06-12T12:10:23.938Z","level":"INFO","category":"SYSTEM","message":"Server starting up","event":"server_startup","nodeVersion":"v22.15.0","environment":"development","port":1077,"pid":529243}
{"timestamp":"2025-06-12T12:11:13.491Z","level":"INFO","category":"SYSTEM","message":"Server starting up","event":"server_startup","nodeVersion":"v22.15.0","environment":"development","port":1077,"pid":529281}
{"timestamp":"2025-06-12T12:57:39.285Z","level":"INFO","category":"SYSTEM","message":"Server starting up","event":"server_startup","nodeVersion":"v22.15.0","environment":"development","port":1077,"pid":531290}
{"timestamp":"2025-06-12T13:13:59.277Z","level":"INFO","category":"SYSTEM","message":"Server starting up","event":"server_startup","nodeVersion":"v22.15.0","environment":"development","port":1077,"pid":533956}
{"timestamp":"2025-06-12T13:14:15.046Z","level":"WARN","category":"SYSTEM","message":"High resource usage detected","requestId":"req_1749734054648_xmgcavdgm","method":"POST","url":"/login/admin","memoryDelta":{"rss":"1MB","heapUsed":"0MB"},"cpuUsage":{"user":"316ms","system":"6ms"},"environment":"development","nodeVersion":"v22.15.0","pid":533956}
