{"timestamp":"2025-06-11T09:04:54.915Z","level":"INFO","category":"SYSTEM","message":"Server starting up","event":"server_startup","nodeVersion":"v22.15.0","environment":"development","port":3000,"pid":388996}
{"timestamp":"2025-06-11T09:06:08.858Z","level":"INFO","category":"SYSTEM","message":"Test info message","testData":"info test","environment":"development","nodeVersion":"v22.15.0","pid":389066}
{"timestamp":"2025-06-11T09:06:08.860Z","level":"WARN","category":"SYSTEM","message":"Test warning message","testData":"warn test","environment":"development","nodeVersion":"v22.15.0","pid":389066}
{"timestamp":"2025-06-11T09:06:08.888Z","level":"ERROR","category":"SYSTEM","message":"Test error message","testData":"error test","environment":"development","nodeVersion":"v22.15.0","pid":389066}
{"timestamp":"2025-06-11T09:11:06.570Z","level":"INFO","category":"SYSTEM","message":"Server starting up","event":"server_startup","nodeVersion":"v22.15.0","environment":"development","port":3000,"pid":389779}
{"timestamp":"2025-06-11T09:22:53.635Z","level":"INFO","category":"SYSTEM","message":"Server starting up","event":"server_startup","nodeVersion":"v22.15.0","environment":"development","port":3000,"pid":392163}
{"timestamp":"2025-06-11T09:23:23.332Z","level":"INFO","category":"SYSTEM","message":"Server starting up","event":"server_startup","nodeVersion":"v22.15.0","environment":"development","port":3000,"pid":392504}
{"timestamp":"2025-06-11T09:34:37.591Z","level":"INFO","category":"SYSTEM","message":"Server starting up","event":"server_startup","nodeVersion":"v22.15.0","environment":"development","port":3000,"pid":393128}
{"timestamp":"2025-06-11T09:38:42.889Z","level":"WARN","category":"SYSTEM","message":"High resource usage detected","requestId":"req_1749634722530_al68zr2mq","method":"POST","url":"/register/client","memoryDelta":{"rss":"3MB","heapUsed":"1MB"},"cpuUsage":{"user":"327ms","system":"5ms"},"environment":"development","nodeVersion":"v22.15.0","pid":393128}
{"timestamp":"2025-06-11T09:38:43.292Z","level":"WARN","category":"SYSTEM","message":"High resource usage detected","requestId":"req_1749634722917_qgr8x8w79","method":"POST","url":"/register/client","memoryDelta":{"rss":"0MB","heapUsed":"1MB"},"cpuUsage":{"user":"289ms","system":"6ms"},"environment":"development","nodeVersion":"v22.15.0","pid":393128}
{"timestamp":"2025-06-11T09:39:03.785Z","level":"WARN","category":"SYSTEM","message":"High resource usage detected","requestId":"req_1749634743438_59wjjwibc","method":"POST","url":"/register/client","memoryDelta":{"rss":"0MB","heapUsed":"0MB"},"cpuUsage":{"user":"328ms","system":"14ms"},"environment":"development","nodeVersion":"v22.15.0","pid":393128}
{"timestamp":"2025-06-11T09:39:04.139Z","level":"WARN","category":"SYSTEM","message":"High resource usage detected","requestId":"req_1749634743802_9i840e4hf","method":"POST","url":"/register/client","memoryDelta":{"rss":"0MB","heapUsed":"0MB"},"cpuUsage":{"user":"322ms","system":"9ms"},"environment":"development","nodeVersion":"v22.15.0","pid":393128}
{"timestamp":"2025-06-11T09:40:45.495Z","level":"WARN","category":"SYSTEM","message":"High resource usage detected","requestId":"req_1749634845034_uht38v4yi","method":"POST","url":"/register/client","memoryDelta":{"rss":"1MB","heapUsed":"0MB"},"cpuUsage":{"user":"340ms","system":"4ms"},"environment":"development","nodeVersion":"v22.15.0","pid":393128}
{"timestamp":"2025-06-11T09:44:40.775Z","level":"INFO","category":"SYSTEM","message":"Server starting up","event":"server_startup","nodeVersion":"v22.15.0","environment":"development","port":3000,"pid":394421}
{"timestamp":"2025-06-11T10:04:00.376Z","level":"INFO","category":"SYSTEM","message":"Server starting up","event":"server_startup","nodeVersion":"v22.15.0","environment":"development","port":3000,"pid":395646}
{"timestamp":"2025-06-11T10:06:09.495Z","level":"INFO","category":"SYSTEM","message":"Server starting up","event":"server_startup","nodeVersion":"v22.15.0","environment":"development","port":3000,"pid":395875}
{"timestamp":"2025-06-11T10:10:21.620Z","level":"INFO","category":"SYSTEM","message":"Server starting up","event":"server_startup","nodeVersion":"v22.15.0","environment":"development","port":3000,"pid":395940}
{"timestamp":"2025-06-11T10:40:19.295Z","level":"WARN","category":"SYSTEM","message":"High resource usage detected","requestId":"req_1749638418484_utok7eiqg","method":"POST","url":"/register/client","memoryDelta":{"rss":"0MB","heapUsed":"0MB"},"cpuUsage":{"user":"341ms","system":"2ms"},"environment":"development","nodeVersion":"v22.15.0","pid":395940}
{"timestamp":"2025-06-11T10:41:15.755Z","level":"WARN","category":"SYSTEM","message":"High resource usage detected","requestId":"req_1749638475409_c36sjc0sh","method":"POST","url":"/register/client","memoryDelta":{"rss":"0MB","heapUsed":"0MB"},"cpuUsage":{"user":"310ms","system":"0ms"},"environment":"development","nodeVersion":"v22.15.0","pid":395940}
{"timestamp":"2025-06-11T10:43:29.357Z","level":"INFO","category":"SYSTEM","message":"Server starting up","event":"server_startup","nodeVersion":"v22.15.0","environment":"development","port":3000,"pid":402402}
{"timestamp":"2025-06-11T10:48:22.339Z","level":"INFO","category":"SYSTEM","message":"Server starting up","event":"server_startup","nodeVersion":"v22.15.0","environment":"development","port":3000,"pid":405627}
{"timestamp":"2025-06-11T10:50:56.503Z","level":"WARN","category":"SYSTEM","message":"High resource usage detected","requestId":"req_1749639056110_a1rlwvbr3","method":"POST","url":"/register/client","memoryDelta":{"rss":"2MB","heapUsed":"1MB"},"cpuUsage":{"user":"353ms","system":"7ms"},"environment":"development","nodeVersion":"v22.15.0","pid":405627}
{"timestamp":"2025-06-11T10:53:21.399Z","level":"WARN","category":"SYSTEM","message":"High resource usage detected","requestId":"req_1749639201053_jejbdxml4","method":"POST","url":"/register/client","memoryDelta":{"rss":"0MB","heapUsed":"0MB"},"cpuUsage":{"user":"311ms","system":"1ms"},"environment":"development","nodeVersion":"v22.15.0","pid":405627}
{"timestamp":"2025-06-11T10:53:31.882Z","level":"INFO","category":"SYSTEM","message":"Server starting up","event":"server_startup","nodeVersion":"v22.15.0","environment":"development","port":3000,"pid":407559}
{"timestamp":"2025-06-11T10:56:36.565Z","level":"WARN","category":"SYSTEM","message":"High resource usage detected","requestId":"req_1749639396165_ivebhko79","method":"POST","url":"/register/client","memoryDelta":{"rss":"3MB","heapUsed":"1MB"},"cpuUsage":{"user":"359ms","system":"12ms"},"environment":"development","nodeVersion":"v22.15.0","pid":407559}
{"timestamp":"2025-06-11T10:58:00.428Z","level":"INFO","category":"SYSTEM","message":"Server starting up","event":"server_startup","nodeVersion":"v22.15.0","environment":"development","port":3000,"pid":407637}
{"timestamp":"2025-06-11T10:58:31.588Z","level":"INFO","category":"SYSTEM","message":"Server starting up","event":"server_startup","nodeVersion":"v22.15.0","environment":"development","port":3000,"pid":407673}
{"timestamp":"2025-06-11T11:00:27.703Z","level":"WARN","category":"SYSTEM","message":"High resource usage detected","requestId":"req_1749639627329_6os49vnb2","method":"POST","url":"/register/client","memoryDelta":{"rss":"1MB","heapUsed":"0MB"},"cpuUsage":{"user":"311ms","system":"5ms"},"environment":"development","nodeVersion":"v22.15.0","pid":407673}
{"timestamp":"2025-06-11T11:00:57.431Z","level":"WARN","category":"SYSTEM","message":"High resource usage detected","requestId":"req_1749639657088_1ir684p4e","method":"POST","url":"/login/client","memoryDelta":{"rss":"0MB","heapUsed":"0MB"},"cpuUsage":{"user":"287ms","system":"4ms"},"environment":"development","nodeVersion":"v22.15.0","pid":407673}
{"timestamp":"2025-06-11T11:11:00.339Z","level":"INFO","category":"SYSTEM","message":"Server starting up","event":"server_startup","nodeVersion":"v22.15.0","environment":"development","port":3000,"pid":410145}
{"timestamp":"2025-06-11T11:11:37.664Z","level":"INFO","category":"SYSTEM","message":"Server starting up","event":"server_startup","nodeVersion":"v22.15.0","environment":"development","port":3000,"pid":410200}
{"timestamp":"2025-06-11T11:11:58.065Z","level":"INFO","category":"SYSTEM","message":"Server starting up","event":"server_startup","nodeVersion":"v22.15.0","environment":"development","port":3000,"pid":410233}
{"timestamp":"2025-06-11T11:12:45.390Z","level":"WARN","category":"SYSTEM","message":"High resource usage detected","requestId":"req_1749640365000_wpdn5xyfb","method":"POST","url":"/login/client","memoryDelta":{"rss":"0MB","heapUsed":"0MB"},"cpuUsage":{"user":"332ms","system":"2ms"},"environment":"development","nodeVersion":"v22.15.0","pid":410233}
{"timestamp":"2025-06-11T11:21:57.132Z","level":"INFO","category":"SYSTEM","message":"Server starting up","event":"server_startup","nodeVersion":"v22.15.0","environment":"development","port":3000,"pid":410489}
{"timestamp":"2025-06-11T11:22:14.762Z","level":"WARN","category":"SYSTEM","message":"High resource usage detected","requestId":"req_1749640934385_nvnhrw1me","method":"POST","url":"/login/client","memoryDelta":{"rss":"1MB","heapUsed":"0MB"},"cpuUsage":{"user":"323ms","system":"1ms"},"environment":"development","nodeVersion":"v22.15.0","pid":410489}
{"timestamp":"2025-06-11T11:42:11.229Z","level":"INFO","category":"SYSTEM","message":"Server starting up","event":"server_startup","nodeVersion":"v22.15.0","environment":"development","port":3000,"pid":417720}
{"timestamp":"2025-06-11T11:42:28.238Z","level":"INFO","category":"SYSTEM","message":"Server starting up","event":"server_startup","nodeVersion":"v22.15.0","environment":"development","port":3000,"pid":417776}
{"timestamp":"2025-06-11T11:48:24.821Z","level":"INFO","category":"SYSTEM","message":"Server starting up","event":"server_startup","nodeVersion":"v22.15.0","environment":"development","port":3000,"pid":418921}
{"timestamp":"2025-06-11T11:48:55.197Z","level":"WARN","category":"SYSTEM","message":"High resource usage detected","requestId":"req_1749642534743_s11frc00n","method":"POST","url":"/login/client","memoryDelta":{"rss":"1MB","heapUsed":"0MB"},"cpuUsage":{"user":"369ms","system":"4ms"},"environment":"development","nodeVersion":"v22.15.0","pid":418921}
{"timestamp":"2025-06-11T12:33:19.379Z","level":"INFO","category":"SYSTEM","message":"Server starting up","event":"server_startup","nodeVersion":"v22.15.0","environment":"development","port":3000,"pid":423552}
{"timestamp":"2025-06-11T12:33:33.822Z","level":"WARN","category":"SYSTEM","message":"High resource usage detected","requestId":"req_1749645213413_adc1ziqgh","method":"POST","url":"/login/client","memoryDelta":{"rss":"1MB","heapUsed":"1MB"},"cpuUsage":{"user":"333ms","system":"4ms"},"environment":"development","nodeVersion":"v22.15.0","pid":423552}
{"timestamp":"2025-06-11T12:35:26.713Z","level":"INFO","category":"SYSTEM","message":"Server starting up","event":"server_startup","nodeVersion":"v22.15.0","environment":"development","port":3000,"pid":423632}
{"timestamp":"2025-06-11T12:36:23.743Z","level":"WARN","category":"SYSTEM","message":"High resource usage detected","requestId":"req_1749645383389_ywwfxn5y1","method":"POST","url":"/login/client","memoryDelta":{"rss":"1MB","heapUsed":"1MB"},"cpuUsage":{"user":"298ms","system":"3ms"},"environment":"development","nodeVersion":"v22.15.0","pid":423632}
{"timestamp":"2025-06-11T12:54:54.016Z","level":"INFO","category":"SYSTEM","message":"Server starting up","event":"server_startup","nodeVersion":"v22.15.0","environment":"development","port":3000,"pid":426679}
{"timestamp":"2025-06-11T13:04:04.916Z","level":"INFO","category":"SYSTEM","message":"Server starting up","event":"server_startup","nodeVersion":"v22.15.0","environment":"development","port":3000,"pid":426966}
{"timestamp":"2025-06-11T13:05:16.070Z","level":"WARN","category":"SYSTEM","message":"High resource usage detected","requestId":"req_1749647115610_df5smzkmr","method":"POST","url":"/login/client","memoryDelta":{"rss":"1MB","heapUsed":"1MB"},"cpuUsage":{"user":"384ms","system":"5ms"},"environment":"development","nodeVersion":"v22.15.0","pid":426966}
{"timestamp":"2025-06-11T13:09:24.877Z","level":"INFO","category":"SYSTEM","message":"Server starting up","event":"server_startup","nodeVersion":"v22.15.0","environment":"development","port":3000,"pid":427569}
{"timestamp":"2025-06-11T13:09:43.116Z","level":"WARN","category":"SYSTEM","message":"High resource usage detected","requestId":"req_1749647379093_y6rfb4l4d","method":"POST","url":"/login/client","memoryDelta":{"rss":"1MB","heapUsed":"1MB"},"cpuUsage":{"user":"376ms","system":"3ms"},"environment":"development","nodeVersion":"v22.15.0","pid":427569}
{"timestamp":"2025-06-11T13:10:42.524Z","level":"WARN","category":"SYSTEM","message":"High resource usage detected","requestId":"req_1749647442185_lf4qvxfq1","method":"POST","url":"/login/client","memoryDelta":{"rss":"0MB","heapUsed":"0MB"},"cpuUsage":{"user":"283ms","system":"2ms"},"environment":"development","nodeVersion":"v22.15.0","pid":427569}
{"timestamp":"2025-06-11T13:17:31.582Z","level":"INFO","category":"SYSTEM","message":"Server starting up","event":"server_startup","nodeVersion":"v22.15.0","environment":"development","port":3000,"pid":428956}
{"timestamp":"2025-06-11T13:17:43.501Z","level":"WARN","category":"SYSTEM","message":"High resource usage detected","requestId":"req_1749647862412_lipqwz82v","method":"POST","url":"/login/client","memoryDelta":{"rss":"1MB","heapUsed":"1MB"},"cpuUsage":{"user":"425ms","system":"5ms"},"environment":"development","nodeVersion":"v22.15.0","pid":428956}
{"timestamp":"2025-06-11T13:58:20.589Z","level":"INFO","category":"SYSTEM","message":"Server starting up","event":"server_startup","nodeVersion":"v22.15.0","environment":"development","port":3000,"pid":437340}
{"timestamp":"2025-06-11T13:58:44.295Z","level":"WARN","category":"SYSTEM","message":"High resource usage detected","requestId":"req_1749650323870_nj84lk74h","method":"POST","url":"/login/client","memoryDelta":{"rss":"1MB","heapUsed":"1MB"},"cpuUsage":{"user":"369ms","system":"3ms"},"environment":"development","nodeVersion":"v22.15.0","pid":437340}
{"timestamp":"2025-06-11T14:04:12.273Z","level":"INFO","category":"SYSTEM","message":"Server starting up","event":"server_startup","nodeVersion":"v22.15.0","environment":"development","port":3000,"pid":437487}
{"timestamp":"2025-06-11T14:04:17.007Z","level":"INFO","category":"SYSTEM","message":"Server starting up","event":"server_startup","nodeVersion":"v22.15.0","environment":"development","port":3000,"pid":437510}
{"timestamp":"2025-06-11T14:04:39.403Z","level":"INFO","category":"SYSTEM","message":"Server starting up","event":"server_startup","nodeVersion":"v22.15.0","environment":"development","port":3000,"pid":437547}
{"timestamp":"2025-06-11T14:04:59.669Z","level":"WARN","category":"SYSTEM","message":"High resource usage detected","requestId":"req_1749650699283_6ug8gq8h0","method":"POST","url":"/login/client","memoryDelta":{"rss":"0MB","heapUsed":"1MB"},"cpuUsage":{"user":"331ms","system":"3ms"},"environment":"development","nodeVersion":"v22.15.0","pid":437547}
{"timestamp":"2025-06-11T14:12:26.095Z","level":"INFO","category":"SYSTEM","message":"Server starting up","event":"server_startup","nodeVersion":"v22.15.0","environment":"development","port":3000,"pid":438089}
{"timestamp":"2025-06-11T14:12:46.539Z","level":"WARN","category":"SYSTEM","message":"High resource usage detected","requestId":"req_1749651165970_80d7hkdcm","method":"POST","url":"/login/client","memoryDelta":{"rss":"1MB","heapUsed":"1MB"},"cpuUsage":{"user":"401ms","system":"3ms"},"environment":"development","nodeVersion":"v22.15.0","pid":438089}
{"timestamp":"2025-06-11T14:23:23.096Z","level":"INFO","category":"SYSTEM","message":"Server starting up","event":"server_startup","nodeVersion":"v22.15.0","environment":"development","port":3000,"pid":438891}
{"timestamp":"2025-06-11T14:30:52.377Z","level":"INFO","category":"SYSTEM","message":"Server starting up","event":"server_startup","nodeVersion":"v22.15.0","environment":"development","port":3000,"pid":439520}
